[CLEAN] 1000000BOBUSDT_15m -> purged future/neg/price
[CLEAN] 1000000BOBUSDT_1d -> purged future/neg/price
[CLEAN] 1000000BOBUSDT_1h -> purged future/neg/price
[CLEAN] 1000000BOBUSDT_2h -> purged future/neg/price
[CLEAN] 1000000BOBUSDT_30m -> purged future/neg/price
[CLEAN] 1000000BOBUSDT_4h -> purged future/neg/price
[CLEAN] 1000000BOBUSDT_5m -> purged future/neg/price
[CLEAN] 1000000MOGUSDT_15m -> purged future/neg/price
[CLEAN] 1000000MOGUSDT_1d -> purged future/neg/price
[CLEAN] 1000000MOGUSDT_1h -> purged future/neg/price
[CLEAN] 1000000MOGUSDT_2h -> purged future/neg/price
[CLEAN] 1000000MOGUSDT_30m -> purged future/neg/price
[CLEAN] 1000000MOGUSDT_4h -> purged future/neg/price
[CLEAN] 1000000MOGUSDT_5m -> purged future/neg/price
[CLEAN] 1000BONKUSDT_15m -> purged future/neg/price
[CLEAN] 1000BONKUSDT_1d -> purged future/neg/price
[CLEAN] 1000BONKUSDT_1h -> purged future/neg/price
[CLEAN] 1000BONKUSDT_2h -> purged future/neg/price
[CLEAN] 1000BONKUSDT_30m -> purged future/neg/price
[CLEAN] 1000BONKUSDT_4h -> purged future/neg/price
[CLEAN] 1000BONKUSDT_5m -> purged future/neg/price
[CLEAN] 1000CATUSDT_15m -> purged future/neg/price
[CLEAN] 1000CATUSDT_1d -> purged future/neg/price
[CLEAN] 1000CATUSDT_1h -> purged future/neg/price
[CLEAN] 1000CATUSDT_2h -> purged future/neg/price
[CLEAN] 1000CATUSDT_30m -> purged future/neg/price
[CLEAN] 1000CATUSDT_4h -> purged future/neg/price
[CLEAN] 1000CATUSDT_5m -> purged future/neg/price
[CLEAN] 1000CHEEMSUSDT_15m -> purged future/neg/price
[CLEAN] 1000CHEEMSUSDT_1d -> purged future/neg/price
[CLEAN] 1000CHEEMSUSDT_1h -> purged future/neg/price
[CLEAN] 1000CHEEMSUSDT_2h -> purged future/neg/price
[CLEAN] 1000CHEEMSUSDT_30m -> purged future/neg/price
[CLEAN] 1000CHEEMSUSDT_4h -> purged future/neg/price
[CLEAN] 1000CHEEMSUSDT_5m -> purged future/neg/price
[CLEAN] 1000FLOKIUSDT_15m -> purged future/neg/price
[CLEAN] 1000FLOKIUSDT_1d -> purged future/neg/price
[CLEAN] 1000FLOKIUSDT_1h -> purged future/neg/price
[CLEAN] 1000FLOKIUSDT_2h -> purged future/neg/price
[CLEAN] 1000FLOKIUSDT_30m -> purged future/neg/price
[CLEAN] 1000FLOKIUSDT_4h -> purged future/neg/price
[CLEAN] 1000FLOKIUSDT_5m -> purged future/neg/price
[CLEAN] 1000LUNCUSDT_15m -> purged future/neg/price
[CLEAN] 1000LUNCUSDT_1d -> purged future/neg/price
[CLEAN] 1000LUNCUSDT_1h -> purged future/neg/price
[CLEAN] 1000LUNCUSDT_2h -> purged future/neg/price
[CLEAN] 1000LUNCUSDT_30m -> purged future/neg/price
[CLEAN] 1000LUNCUSDT_4h -> purged future/neg/price
[CLEAN] 1000LUNCUSDT_5m -> purged future/neg/price
[CLEAN] 1000PEPEUSDT_15m -> purged future/neg/price
[CLEAN] 1000PEPEUSDT_1d -> purged future/neg/price
[CLEAN] 1000PEPEUSDT_1h -> purged future/neg/price
[CLEAN] 1000PEPEUSDT_2h -> purged future/neg/price
[CLEAN] 1000PEPEUSDT_30m -> purged future/neg/price
[CLEAN] 1000PEPEUSDT_4h -> purged future/neg/price
[CLEAN] 1000PEPEUSDT_5m -> purged future/neg/price
[CLEAN] 1000RATSUSDT_15m -> purged future/neg/price
[CLEAN] 1000RATSUSDT_1d -> purged future/neg/price
[CLEAN] 1000RATSUSDT_1h -> purged future/neg/price
[CLEAN] 1000RATSUSDT_2h -> purged future/neg/price
[CLEAN] 1000RATSUSDT_30m -> purged future/neg/price
[CLEAN] 1000RATSUSDT_4h -> purged future/neg/price
[CLEAN] 1000RATSUSDT_5m -> purged future/neg/price
